0 info it worked if it ends with ok
1 verbose cli [ '/Users/danielesangalli/.nvm/versions/node/v7.7.2/bin/node',
1 verbose cli   '/Users/danielesangalli/.nvm/versions/node/v7.7.2/bin/npm',
1 verbose cli   'run',
1 verbose cli   'test' ]
2 info using npm@4.1.2
3 info using node@v7.7.2
4 verbose run-script [ 'pretest', 'test', 'posttest' ]
5 info lifecycle presale-pool@1.0.0~pretest: presale-pool@1.0.0
6 silly lifecycle presale-pool@1.0.0~pretest: no script for pretest, continuing
7 info lifecycle presale-pool@1.0.0~test: presale-pool@1.0.0
8 verbose lifecycle presale-pool@1.0.0~test: unsafe-perm in lifecycle true
9 verbose lifecycle presale-pool@1.0.0~test: PATH: /Users/danielesangalli/.nvm/versions/node/v7.7.2/lib/node_modules/npm/bin/node-gyp-bin:/Users/danielesangalli/Desktop/projects/ico_pool/node_modules/.bin:/Users/danielesangalli/.yarn/bin:/usr/local/opt/coreutils/libexec/gnubin:/Users/danielesangalli/.nvm/versions/node/v7.7.2/bin:/usr/local/bin:/usr/local/sbin:/usr/bin:/bin:/usr/sbin:/sbin:/usr/local/MacGPG2/bin:/opt/X11/bin:/Users/danielesangalli/golang/bin:/usr/local/opt/go/libexec/bin
10 verbose lifecycle presale-pool@1.0.0~test: CWD: /Users/danielesangalli/Desktop/projects/ico_pool
11 silly lifecycle presale-pool@1.0.0~test: Args: [ '-c', 'mocha --reporter list --timeout 30000' ]
12 silly lifecycle presale-pool@1.0.0~test: Returned: code: 46  signal: null
13 info lifecycle presale-pool@1.0.0~test: Failed to exec test script
14 verbose stack Error: presale-pool@1.0.0 test: `mocha --reporter list --timeout 30000`
14 verbose stack Exit status 46
14 verbose stack     at EventEmitter.<anonymous> (/Users/danielesangalli/.nvm/versions/node/v7.7.2/lib/node_modules/npm/lib/utils/lifecycle.js:279:16)
14 verbose stack     at emitTwo (events.js:106:13)
14 verbose stack     at EventEmitter.emit (events.js:194:7)
14 verbose stack     at ChildProcess.<anonymous> (/Users/danielesangalli/.nvm/versions/node/v7.7.2/lib/node_modules/npm/lib/utils/spawn.js:40:14)
14 verbose stack     at emitTwo (events.js:106:13)
14 verbose stack     at ChildProcess.emit (events.js:194:7)
14 verbose stack     at maybeClose (internal/child_process.js:899:16)
14 verbose stack     at Process.ChildProcess._handle.onexit (internal/child_process.js:226:5)
15 verbose pkgid presale-pool@1.0.0
16 verbose cwd /Users/danielesangalli/Desktop/projects/ico_pool
17 error Darwin 17.2.0
18 error argv "/Users/danielesangalli/.nvm/versions/node/v7.7.2/bin/node" "/Users/danielesangalli/.nvm/versions/node/v7.7.2/bin/npm" "run" "test"
19 error node v7.7.2
20 error npm  v4.1.2
21 error code ELIFECYCLE
22 error presale-pool@1.0.0 test: `mocha --reporter list --timeout 30000`
22 error Exit status 46
23 error Failed at the presale-pool@1.0.0 test script 'mocha --reporter list --timeout 30000'.
23 error Make sure you have the latest version of node.js and npm installed.
23 error If you do, this is most likely a problem with the presale-pool package,
23 error not with npm itself.
23 error Tell the author that this fails on your system:
23 error     mocha --reporter list --timeout 30000
23 error You can get information on how to open an issue for this project with:
23 error     npm bugs presale-pool
23 error Or if that isn't available, you can get their info via:
23 error     npm owner ls presale-pool
23 error There is likely additional logging output above.
24 verbose exit [ 1, true ]
